[07:07:45] [main/INFO]: Logging in with username & password
[07:07:49] [Client thread/INFO]: Setting user: abused_master
[07:07:53] [Client thread/WARN]: Skipping bad option: lastServer:
[07:07:53] [Client thread/INFO]: LWJGL Version: 2.9.4
[07:07:58] [Client thread/INFO]: Reloading ResourceManager: Default, FMLFileResourcePack:Forge Mod Loader, FMLFileResourcePack:Minecraft Forge, FMLFileResourcePack:JATMA, FMLFileResourcePack:EnderCore, FMLFileResourcePack:Ender IO
[07:08:10] [Sound Library Loader/INFO]: Starting up SoundSystem...
[07:08:10] [Thread-8/INFO]: Initializing LWJGL OpenAL
[07:08:10] [Thread-8/INFO]: (The LWJGL binding of OpenAL.  For more information, see http://www.lwjgl.org)
[07:08:10] [Thread-8/INFO]: OpenAL initialized.
[07:08:10] [Sound Library Loader/INFO]: Sound engine started
[07:08:15] [Client thread/INFO]: Created: 16x16 textures-atlas
[07:08:20] [Client thread/INFO]: Reloading ResourceManager: Default, FMLFileResourcePack:Forge Mod Loader, FMLFileResourcePack:Minecraft Forge, FMLFileResourcePack:JATMA, FMLFileResourcePack:EnderCore, FMLFileResourcePack:Ender IO
[07:08:23] [Client thread/INFO]: SoundSystem shutting down...
[07:08:23] [Client thread/WARN]: Author: Paul Lamb, www.paulscode.com
[07:08:23] [Sound Library Loader/INFO]: Starting up SoundSystem...
[07:08:24] [Thread-10/INFO]: Initializing LWJGL OpenAL
[07:08:24] [Thread-10/INFO]: (The LWJGL binding of OpenAL.  For more information, see http://www.lwjgl.org)
[07:08:24] [Thread-10/INFO]: OpenAL initialized.
[07:08:24] [Sound Library Loader/INFO]: Sound engine started
[07:08:27] [Client thread/INFO]: Created: 2048x2048 textures-atlas
[07:08:31] [Client thread/WARN]: Skipping bad option: lastServer:
[07:10:59] [Server thread/INFO]: Starting integrated minecraft server version 1.10.2
[07:10:59] [Server thread/INFO]: Generating keypair
[07:11:00] [Server thread/INFO]: Preparing start region for level 0
[07:11:01] [Server thread/INFO]: Preparing spawn area: 0%
[07:11:02] [Server thread/INFO]: Preparing spawn area: 81%
[07:11:03] [Server thread/INFO]: Changing view distance to 8, from 10
[07:11:06] [Server thread/INFO]: abused_master[local:E:68096732] logged in with entity id 375 at (145.3265350175676, 77.75646537656048, 248.04120599339356)
[07:11:06] [Server thread/INFO]: abused_master joined the game
[07:11:07] [Server thread/INFO]: Saving and pausing game...
[07:11:07] [Server thread/INFO]: Saving chunks for level 'New World'/Overworld
[07:11:08] [Server thread/INFO]: Saving chunks for level 'New World'/Nether
[07:11:08] [Server thread/INFO]: Saving chunks for level 'New World'/The End
[07:20:42] [Server thread/INFO]: [abused_master: Set the time to 0]
[07:20:42] [Client thread/INFO]: [CHAT] Set the time to 0
[07:23:58] [Client thread/INFO]: Stopping!
[07:23:58] [Client thread/INFO]: SoundSystem shutting down...
[07:23:59] [Server thread/INFO]: Stopping server
[07:23:59] [Server thread/INFO]: Saving players
[07:23:59] [Server thread/INFO]: Saving worlds
[07:23:59] [Server thread/INFO]: Saving chunks for level 'New World'/Overworld
[07:23:59] [Server thread/INFO]: Saving chunks for level 'New World'/Nether
[07:23:59] [Server thread/INFO]: Saving chunks for level 'New World'/The End
[07:23:59] [Client thread/WARN]: Author: Paul Lamb, www.paulscode.com
[07:23:59] [Client Shutdown Thread/INFO]: Stopping server
[07:23:59] [Client Shutdown Thread/INFO]: Saving players
[07:23:59] [Client Shutdown Thread/INFO]: Saving worlds
[07:23:59] [Client Shutdown Thread/INFO]: Saving chunks for level 'New World'/Overworld
