#
# A fatal error has been detected by the Java Runtime Environment:
#
#  EXCEPTION_ACCESS_VIOLATION (0xc0000005) at pc=0x000000001c601066, pid=8960, tid=0x00000000000002d0
#
# JRE version: Java(TM) SE Runtime Environment (8.0_101-b13) (build 1.8.0_101-b13)
# Java VM: Java HotSpot(TM) 64-Bit Server VM (25.101-b13 mixed mode windows-amd64 compressed oops)
# Problematic frame:
# C  [OpenAL64.dll+0x11066]
#
# Failed to write core dump. Minidumps are not enabled by default on client versions of Windows
#
# If you would like to submit a bug report, please visit:
#   http://bugreport.java.com/bugreport/crash.jsp
# The crash happened outside the Java Virtual Machine in native code.
# See problematic frame for where to report the bug.
#

---------------  T H R E A D  ---------------

Current thread (0x00000000174e0000):  JavaThread "Thread-8" [_thread_in_native, id=720, stack(0x00000000340b0000,0x00000000341b0000)]

siginfo: ExceptionCode=0xc0000005, reading address 0x000000001a393004

Registers:
RAX=0x0000000000000004, RBX=0x00000000353b0090, RCX=0x000000001a393008, RDX=0x000000001a393004
RSP=0x00000000341af230, RBP=0x00000000000000ff, RSI=0x000000001a392f8c, RDI=0x0000000000000000
R8 =0x000000000000001e, R9 =0x000000001a392f8c, R10=0x0000000002c37968, R11=0x000000006607b4a0
R12=0x0000000000000001, R13=0x0000000028a43b50, R14=0x00000000341af3c8, R15=0x00000000174e0000
RIP=0x000000001c601066, EFLAGS=0x0000000000010202

Top of Stack: (sp=0x00000000341af230)
0x00000000341af230:   0000000000000000 0000000065f1d01b
0x00000000341af240:   00000000174e0000 00000000174e0000
0x00000000341af250:   0000000028a43b50 0000000000000000
0x00000000341af260:   00000000174e0000 000000001a390330
0x00000000341af270:   0000000028a43b50 00000000341af3c8
0x00000000341af280:   000000001a377900 0000000065f0b1d6
0x00000000341af290:   00000000341afa38 0000000016215810
0x00000000341af2a0:   00000000174e0000 00000000341af3c8
0x00000000341af2b0:   0000000028a43b50 0000000000000000
0x00000000341af2c0:   000000001a392f8c 00000000ca667b50
0x00000000341af2d0:   00000000341af390 000000001c60248f
0x00000000341af2e0:   00000000353b0090 00000000353b0090
0x00000000341af2f0:   000000000000ac44 0000000000000004
0x00000000341af300:   0000000000000010 0000000002c37994
0x00000000341af310:   0000000028a43b50 0000000002c376fd
0x00000000341af320:   00000000174e0000 0000000028a43b50 

Instructions: (pc=0x000000001c601066)
0x000000001c601046:   41 2b ec 81 3a 03 00 02 00 75 09 8b 01 89 84 24
0x000000001c601056:   c8 00 00 00 49 83 c0 02 48 83 c1 08 4a 8d 14 86
0x000000001c601066:   39 3a 75 af 4c 8d 84 24 c0 00 00 00 48 8d 15 d7
0x000000001c601076:   2b 03 00 33 c9 e8 58 5f 00 00 b8 40 1f 00 00 4c 


Register to memory mapping:

RAX=0x0000000000000004 is an unknown value
RBX=0x00000000353b0090 is an unknown value
RCX=0x000000001a393008 is an unknown value
RDX=0x000000001a393004 is an unknown value
RSP=0x00000000341af230 is pointing into the stack for thread: 0x00000000174e0000
RBP=0x00000000000000ff is an unknown value
RSI=0x000000001a392f8c is an unknown value
RDI=0x0000000000000000 is an unknown value
R8 =0x000000000000001e is an unknown value
R9 =0x000000001a392f8c is an unknown value
R10=0x0000000002c37968 is at code_begin+840 in an Interpreter codelet
method entry point (kind = native)  [0x0000000002c37620, 0x0000000002c37f80]  2400 bytes
R11=0x000000006607b4a0 is an unknown value
R12=0x0000000000000001 is an unknown value
R13={method} {0x0000000028a43b58} 'nalcCreateContext' '(JJ)J' in 'org/lwjgl/openal/ALC10'
R14=0x00000000341af3c8 is pointing into the stack for thread: 0x00000000174e0000
R15=0x00000000174e0000 is a thread


Stack: [0x00000000340b0000,0x00000000341b0000],  sp=0x00000000341af230,  free space=1020k
Native frames: (J=compiled Java code, j=interpreted, Vv=VM code, C=native code)
C  [OpenAL64.dll+0x11066]
C  [OpenAL64.dll+0x1248f]
C  0x0000000002c37994

Java frames: (J=compiled Java code, j=interpreted, Vv=VM code)
j  org.lwjgl.openal.ALC10.nalcCreateContext(JJ)J+0
j  org.lwjgl.openal.ALC10.alcCreateContext(Lorg/lwjgl/openal/ALCdevice;Ljava/nio/IntBuffer;)Lorg/lwjgl/openal/ALCcontext;+8
j  org.lwjgl.openal.AL.init(Ljava/lang/String;IIZZ)V+69
j  org.lwjgl.openal.AL.create(Ljava/lang/String;IIZZ)V+246
j  org.lwjgl.openal.AL.create(Ljava/lang/String;IIZ)V+5
j  org.lwjgl.openal.AL.create()V+6
j  paulscode.sound.libraries.LibraryLWJGLOpenAL.init()V+2
j  paulscode.sound.SoundSystem.CommandNewLibrary(Ljava/lang/Class;)V+273
j  paulscode.sound.SoundSystem.CommandQueue(Lpaulscode/sound/CommandObject;)Z+1206
j  paulscode.sound.CommandThread.run()V+51
v  ~StubRoutines::call_stub

---------------  P R O C E S S  ---------------

Java Threads: ( => current thread )
  0x00000000174b7000 JavaThread "Thread-9" [_thread_blocked, id=5288, stack(0x00000000351b0000,0x00000000352b0000)]
=>0x00000000174e0000 JavaThread "Thread-8" [_thread_in_native, id=720, stack(0x00000000340b0000,0x00000000341b0000)]
  0x000000001724c000 JavaThread "Sound Library Loader" [_thread_blocked, id=5644, stack(0x0000000033bb0000,0x0000000033cb0000)]
  0x000000002df90000 JavaThread "LWJGL Timer" daemon [_thread_blocked, id=6668, stack(0x000000001cea0000,0x000000001cfa0000)]
  0x0000000018f60800 JavaThread "Thread-6" [_thread_in_native, id=6460, stack(0x000000001cda0000,0x000000001cea0000)]
  0x0000000017861800 JavaThread "Java2D Disposer" daemon [_thread_blocked, id=9040, stack(0x000000001c080000,0x000000001c180000)]
  0x0000000017707800 JavaThread "Timer hack thread" daemon [_thread_blocked, id=6452, stack(0x000000001ada0000,0x000000001aea0000)]
  0x000000001b514800 JavaThread "Snooper Timer" daemon [_thread_blocked, id=7360, stack(0x0000000019890000,0x0000000019990000)]
  0x0000000016254000 JavaThread "Service Thread" daemon [_thread_blocked, id=8252, stack(0x0000000016b50000,0x0000000016c50000)]
  0x00000000161e8800 JavaThread "C1 CompilerThread1" daemon [_thread_blocked, id=5104, stack(0x0000000016a50000,0x0000000016b50000)]
  0x00000000161e3000 JavaThread "C2 CompilerThread0" daemon [_thread_in_native, id=5672, stack(0x0000000016950000,0x0000000016a50000)]
  0x00000000161e1800 JavaThread "Attach Listener" daemon [_thread_blocked, id=5680, stack(0x0000000016850000,0x0000000016950000)]
  0x00000000161e0800 JavaThread "Signal Dispatcher" daemon [_thread_blocked, id=3604, stack(0x0000000016750000,0x0000000016850000)]
  0x00000000161df000 JavaThread "Surrogate Locker Thread (Concurrent GC)" daemon [_thread_blocked, id=1200, stack(0x0000000016650000,0x0000000016750000)]
  0x00000000161c2800 JavaThread "Finalizer" daemon [_thread_blocked, id=1344, stack(0x0000000016460000,0x0000000016560000)]
  0x000000001619b800 JavaThread "Reference Handler" daemon [_thread_blocked, id=7860, stack(0x0000000016360000,0x0000000016460000)]
  0x0000000002b25800 JavaThread "Client thread" [_thread_in_vm, id=5008, stack(0x0000000002a20000,0x0000000002b20000)]

Other Threads:
  0x0000000016193000 VMThread [stack: 0x0000000016260000,0x0000000016360000] [id=3056]
  0x0000000016c72000 WatcherThread [stack: 0x0000000017050000,0x0000000017150000] [id=5756]

VM state:not at safepoint (normal execution)

VM Mutex/Monitor currently owned by a thread: None

Heap:
 par new generation   total 153344K, used 123910K [0x00000000c0000000, 0x00000000ca660000, 0x00000000ca660000)
  eden space 136320K,  84% used [0x00000000c0000000, 0x00000000c70c1ed8, 0x00000000c8520000)
  from space 17024K,  49% used [0x00000000c8520000, 0x00000000c8d5f948, 0x00000000c95c0000)
  to   space 17024K,   0% used [0x00000000c95c0000, 0x00000000c95c0000, 0x00000000ca660000)
 concurrent mark-sweep generation total 878208K, used 189637K [0x00000000ca660000, 0x0000000100000000, 0x0000000100000000)
 Metaspace       used 41057K, capacity 41441K, committed 41884K, reserved 1085440K
  class space    used 5339K, capacity 5455K, committed 5476K, reserved 1048576K

Card table byte_map: [0x00000000121e0000,0x00000000123f0000] byte_map_base: 0x0000000011be0000

Marking Bits: (CMSBitMap*) 0x0000000002b65188
 Bits: [0x00000000127c0000, 0x0000000013526800)

Mod Union Table: (CMSBitMap*) 0x0000000002b65248
 Bits: [0x0000000000fc0000, 0x0000000000ff59a0)

Polling page: 0x0000000000f50000

CodeCache: size=245760Kb used=14347Kb max_used=14356Kb free=231412Kb
 bounds [0x0000000002c20000, 0x0000000003a50000, 0x0000000011c20000]
 total_blobs=4901 nmethods=4133 adapters=680
 compilation: enabled

Compilation events (10 events):
Event: 21.161 Thread 0x00000000161e8800 5250       3       com.google.gson.JsonPrimitive::getAsFloat (25 bytes)
Event: 21.161 Thread 0x00000000161e8800 nmethod 5250 0x00000000033bc810 code [0x00000000033bca20, 0x00000000033bd638]
Event: 21.161 Thread 0x00000000161e8800 5251       3       com.google.gson.internal.LazilyParsedNumber::floatValue (8 bytes)
Event: 21.161 Thread 0x00000000161e8800 nmethod 5251 0x00000000034defd0 code [0x00000000034df160, 0x00000000034df458]
Event: 21.162 Thread 0x00000000161e8800 5253       3       com.google.gson.internal.bind.JsonTreeReader::beginObject (35 bytes)
Event: 21.162 Thread 0x00000000161e8800 nmethod 5253 0x00000000033d2790 code [0x00000000033d2980, 0x00000000033d33c8]
Event: 21.162 Thread 0x00000000161e8800 5254       3       com.google.gson.internal.bind.JsonTreeReader::endObject (18 bytes)
Event: 21.162 Thread 0x00000000161e8800 nmethod 5254 0x00000000035bd910 code [0x00000000035bdac0, 0x00000000035be048]
Event: 21.162 Thread 0x00000000161e8800 5255       3       sun.misc.FloatingDecimal$ASCIIToBinaryBuffer::floatValue (1087 bytes)
Event: 21.164 Thread 0x00000000161e8800 nmethod 5255 0x000000000358f690 code [0x000000000358faa0, 0x0000000003591948]

GC Heap History (10 events):
Event: 17.490 GC heap before
{Heap before GC invocations=18 (full 3):
 par new generation   total 153344K, used 150034K [0x00000000c0000000, 0x00000000ca660000, 0x00000000ca660000)
  eden space 136320K, 100% used [0x00000000c0000000, 0x00000000c8520000, 0x00000000c8520000)
  from space 17024K,  80% used [0x00000000c95c0000, 0x00000000ca324838, 0x00000000ca660000)
  to   space 17024K,   0% used [0x00000000c8520000, 0x00000000c8520000, 0x00000000c95c0000)
 concurrent mark-sweep generation total 878208K, used 173188K [0x00000000ca660000, 0x0000000100000000, 0x0000000100000000)
 Metaspace       used 37345K, capacity 37763K, committed 38232K, reserved 1083392K
  class space    used 4915K, capacity 5066K, committed 5120K, reserved 1048576K
Event: 17.506 GC heap after
Heap after GC invocations=19 (full 3):
 par new generation   total 153344K, used 16316K [0x00000000c0000000, 0x00000000ca660000, 0x00000000ca660000)
  eden space 136320K,   0% used [0x00000000c0000000, 0x00000000c0000000, 0x00000000c8520000)
  from space 17024K,  95% used [0x00000000c8520000, 0x00000000c950f2c0, 0x00000000c95c0000)
  to   space 17024K,   0% used [0x00000000c95c0000, 0x00000000c95c0000, 0x00000000ca660000)
 concurrent mark-sweep generation total 878208K, used 177320K [0x00000000ca660000, 0x0000000100000000, 0x0000000100000000)
 Metaspace       used 37345K, capacity 37763K, committed 38232K, reserved 1083392K
  class space    used 4915K, capacity 5066K, committed 5120K, reserved 1048576K
}
Event: 18.125 GC heap before
{Heap before GC invocations=19 (full 3):
 par new generation   total 153344K, used 152636K [0x00000000c0000000, 0x00000000ca660000, 0x00000000ca660000)
  eden space 136320K, 100% used [0x00000000c0000000, 0x00000000c8520000, 0x00000000c8520000)
  from space 17024K,  95% used [0x00000000c8520000, 0x00000000c950f2c0, 0x00000000c95c0000)
  to   space 17024K,   0% used [0x00000000c95c0000, 0x00000000c95c0000, 0x00000000ca660000)
 concurrent mark-sweep generation total 878208K, used 177320K [0x00000000ca660000, 0x0000000100000000, 0x0000000100000000)
 Metaspace       used 38234K, capacity 38607K, committed 38896K, reserved 1083392K
  class space    used 5048K, capacity 5196K, committed 5196K, reserved 1048576K
Event: 18.141 GC heap after
Heap after GC invocations=20 (full 3):
 par new generation   total 153344K, used 14544K [0x00000000c0000000, 0x00000000ca660000, 0x00000000ca660000)
  eden space 136320K,   0% used [0x00000000c0000000, 0x00000000c0000000, 0x00000000c8520000)
  from space 17024K,  85% used [0x00000000c95c0000, 0x00000000ca3f4240, 0x00000000ca660000)
  to   space 17024K,   0% used [0x00000000c8520000, 0x00000000c8520000, 0x00000000c95c0000)
 concurrent mark-sweep generation total 878208K, used 181621K [0x00000000ca660000, 0x0000000100000000, 0x0000000100000000)
 Metaspace       used 38234K, capacity 38607K, committed 38896K, reserved 1083392K
  class space    used 5048K, capacity 5196K, committed 5196K, reserved 1048576K
}
Event: 18.623 GC heap before
{Heap before GC invocations=20 (full 3):
 par new generation   total 153344K, used 150864K [0x00000000c0000000, 0x00000000ca660000, 0x00000000ca660000)
  eden space 136320K, 100% used [0x00000000c0000000, 0x00000000c8520000, 0x00000000c8520000)
  from space 17024K,  85% used [0x00000000c95c0000, 0x00000000ca3f4240, 0x00000000ca660000)
  to   space 17024K,   0% used [0x00000000c8520000, 0x00000000c8520000, 0x00000000c95c0000)
 concurrent mark-sweep generation total 878208K, used 181621K [0x00000000ca660000, 0x0000000100000000, 0x0000000100000000)
 Metaspace       used 39161K, capacity 39471K, committed 39968K, reserved 1083392K
  class space    used 5156K, capacity 5292K, committed 5400K, reserved 1048576K
Event: 18.642 GC heap after
Heap after GC invocations=21 (full 3):
 par new generation   total 153344K, used 9683K [0x00000000c0000000, 0x00000000ca660000, 0x00000000ca660000)
  eden space 136320K,   0% used [0x00000000c0000000, 0x00000000c0000000, 0x00000000c8520000)
  from space 17024K,  56% used [0x00000000c8520000, 0x00000000c8e94d60, 0x00000000c95c0000)
  to   space 17024K,   0% used [0x00000000c95c0000, 0x00000000c95c0000, 0x00000000ca660000)
 concurrent mark-sweep generation total 878208K, used 186550K [0x00000000ca660000, 0x0000000100000000, 0x0000000100000000)
 Metaspace       used 39161K, capacity 39471K, committed 39968K, reserved 1083392K
  class space    used 5156K, capacity 5292K, committed 5400K, reserved 1048576K
}
Event: 19.302 GC heap before
{Heap before GC invocations=21 (full 3):
 par new generation   total 153344K, used 146003K [0x00000000c0000000, 0x00000000ca660000, 0x00000000ca660000)
  eden space 136320K, 100% used [0x00000000c0000000, 0x00000000c8520000, 0x00000000c8520000)
  from space 17024K,  56% used [0x00000000c8520000, 0x00000000c8e94d60, 0x00000000c95c0000)
  to   space 17024K,   0% used [0x00000000c95c0000, 0x00000000c95c0000, 0x00000000ca660000)
 concurrent mark-sweep generation total 878208K, used 186550K [0x00000000ca660000, 0x0000000100000000, 0x0000000100000000)
 Metaspace       used 40247K, capacity 40667K, committed 40964K, reserved 1085440K
  class space    used 5260K, capacity 5390K, committed 5400K, reserved 1048576K
Event: 19.312 GC heap after
Heap after GC invocations=22 (full 3):
 par new generation   total 153344K, used 11515K [0x00000000c0000000, 0x00000000ca660000, 0x00000000ca660000)
  eden space 136320K,   0% used [0x00000000c0000000, 0x00000000c0000000, 0x00000000c8520000)
  from space 17024K,  67% used [0x00000000c95c0000, 0x00000000ca0feee8, 0x00000000ca660000)
  to   space 17024K,   0% used [0x00000000c8520000, 0x00000000c8520000, 0x00000000c95c0000)
 concurrent mark-sweep generation total 878208K, used 186550K [0x00000000ca660000, 0x0000000100000000, 0x0000000100000000)
 Metaspace       used 40247K, capacity 40667K, committed 40964K, reserved 1085440K
  class space    used 5260K, capacity 5390K, committed 5400K, reserved 1048576K
}
Event: 20.818 GC heap before
{Heap before GC invocations=22 (full 3):
 par new generation   total 153344K, used 147835K [0x00000000c0000000, 0x00000000ca660000, 0x00000000ca660000)
  eden space 136320K, 100% used [0x00000000c0000000, 0x00000000c8520000, 0x00000000c8520000)
  from space 17024K,  67% used [0x00000000c95c0000, 0x00000000ca0feee8, 0x00000000ca660000)
  to   space 17024K,   0% used [0x00000000c8520000, 0x00000000c8520000, 0x00000000c95c0000)
 concurrent mark-sweep generation total 878208K, used 186550K [0x00000000ca660000, 0x0000000100000000, 0x0000000100000000)
 Metaspace       used 40276K, capacity 40667K, committed 40964K, reserved 1085440K
  class space    used 5263K, capacity 5390K, committed 5400K, reserved 1048576K
Event: 20.831 GC heap after
Heap after GC invocations=23 (full 3):
 par new generation   total 153344K, used 8446K [0x00000000c0000000, 0x00000000ca660000, 0x00000000ca660000)
  eden space 136320K,   0% used [0x00000000c0000000, 0x00000000c0000000, 0x00000000c8520000)
  from space 17024K,  49% used [0x00000000c8520000, 0x00000000c8d5f948, 0x00000000c95c0000)
  to   space 17024K,   0% used [0x00000000c95c0000, 0x00000000c95c0000, 0x00000000ca660000)
 concurrent mark-sweep generation total 878208K, used 189637K [0x00000000ca660000, 0x0000000100000000, 0x0000000100000000)
 Metaspace       used 40276K, capacity 40667K, committed 40964K, reserved 1085440K
  class space    used 5263K, capacity 5390K, committed 5400K, reserved 1048576K
}

Deoptimization events (10 events):
Event: 18.238 Thread 0x0000000002b25800 Uncommon trap: reason=class_check action=maybe_recompile pc=0x00000000032ba200 method=com.google.common.collect.ImmutableMap.isEmpty()Z @ 1
Event: 18.730 Thread 0x0000000002b25800 Uncommon trap: reason=unstable_if action=reinterpret pc=0x000000000398fff0 method=sun.misc.FDBigInteger.multDiffMe(JLsun/misc/FDBigInteger;)J @ 6
Event: 18.834 Thread 0x0000000002b25800 Uncommon trap: reason=unstable_if action=reinterpret pc=0x0000000003a1e08c method=org.objectweb.asm.MethodWriter.visitJumpInsn(ILorg/objectweb/asm/Label;)V @ 65
Event: 18.834 Thread 0x0000000002b25800 Uncommon trap: reason=unstable_if action=reinterpret pc=0x0000000003977e4c method=org.objectweb.asm.MethodWriter.visitMaxs(II)V @ 349
Event: 20.804 Thread 0x0000000002b25800 Uncommon trap: reason=class_check action=maybe_recompile pc=0x000000000321995c method=net.minecraft.client.resources.AbstractResourcePack.resourceExists(Lnet/minecraft/util/ResourceLocation;)Z @ 5
Event: 20.804 Thread 0x0000000002b25800 Uncommon trap: reason=unstable_if action=reinterpret pc=0x00000000032199d8 method=net.minecraft.client.resources.FileResourcePack.hasResourceName(Ljava/lang/String;)Z @ 8
Event: 20.804 Thread 0x0000000002b25800 Uncommon trap: reason=unstable_if action=reinterpret pc=0x0000000003554b40 method=com.google.gson.stream.JsonReader.nextNonWhitespace(Z)I @ 100
Event: 20.806 Thread 0x0000000002b25800 Uncommon trap: reason=unstable_if action=reinterpret pc=0x00000000031fba5c method=net.minecraft.client.resources.FileResourcePack.hasResourceName(Ljava/lang/String;)Z @ 8
Event: 20.811 Thread 0x0000000002b25800 Uncommon trap: reason=unstable_if action=reinterpret pc=0x0000000002e47e94 method=java.util.Formatter$FormatSpecifier.precision(Ljava/lang/String;)I @ 6
Event: 20.811 Thread 0x0000000002b25800 Uncommon trap: reason=unstable_if action=reinterpret pc=0x000000000323cab8 method=java.util.Formatter.parse(Ljava/lang/String;)[Ljava/util/Formatter$FormatString; @ 38

Internal exceptions (10 events):
Event: 21.117 Thread 0x00000000174e0000 Exception <a 'org/lwjgl/LWJGLException'> (0x00000000c55f6120) thrown at [C:\re\workspace\8-2-build-windows-amd64-cygwin\jdk8u101\7261\hotspot\src\share\vm\prims\jni.cpp, line 709]
Event: 21.117 Thread 0x00000000174e0000 Exception <a 'org/lwjgl/LWJGLException'> (0x00000000c55f6648) thrown at [C:\re\workspace\8-2-build-windows-amd64-cygwin\jdk8u101\7261\hotspot\src\share\vm\prims\jni.cpp, line 709]
Event: 21.133 Thread 0x0000000002b25800 NullPointerException at vtable entry 0x0000000002d32318
Event: 21.133 Thread 0x0000000002b25800 Exception <a 'java/lang/NullPointerException'> (0x00000000c58c7440) thrown at [C:\re\workspace\8-2-build-windows-amd64-cygwin\jdk8u101\7261\hotspot\src\share\vm\runtime\sharedRuntime.cpp, line 605]
Event: 21.135 Thread 0x0000000002b25800 NullPointerException at vtable entry 0x0000000002d32318
Event: 21.135 Thread 0x0000000002b25800 Exception <a 'java/lang/NullPointerException'> (0x00000000c5946018) thrown at [C:\re\workspace\8-2-build-windows-amd64-cygwin\jdk8u101\7261\hotspot\src\share\vm\runtime\sharedRuntime.cpp, line 605]
Event: 21.145 Thread 0x0000000002b25800 NullPointerException at vtable entry 0x0000000002d32318
Event: 21.145 Thread 0x0000000002b25800 Exception <a 'java/lang/NullPointerException'> (0x00000000c5c527c0) thrown at [C:\re\workspace\8-2-build-windows-amd64-cygwin\jdk8u101\7261\hotspot\src\share\vm\runtime\sharedRuntime.cpp, line 605]
Event: 21.146 Thread 0x0000000002b25800 NullPointerException at vtable entry 0x0000000002d32318
Event: 21.146 Thread 0x0000000002b25800 Exception <a 'java/lang/NullPointerException'> (0x00000000c5c5baf0) thrown at [C:\re\workspace\8-2-build-windows-amd64-cygwin\jdk8u101\7261\hotspot\src\share\vm\runtime\sharedRuntime.cpp, line 605]

Events (10 events):
Event: 21.149 loading class net/minecraft/client/renderer/block/model/ItemCameraTransforms$1
Event: 21.149 loading class net/minecraft/client/renderer/block/model/ItemCameraTransforms$1 done
Event: 21.150 loading class net/minecraftforge/client/model/MultiModelState
Event: 21.150 loading class net/minecraftforge/client/model/MultiModelState done
Event: 21.153 loading class net/minecraftforge/client/model/MultiModelState$MultiModelPart
Event: 21.153 loading class net/minecraftforge/client/model/MultiModelState$MultiModelPart done
Event: 21.154 loading class net/minecraftforge/client/model/MultiModel
Event: 21.154 loading class net/minecraftforge/client/model/MultiModel done
Event: 21.157 Thread 0x0000000002b25800 DEOPT PACKING pc=0x000000000321d110 sp=0x0000000002b1d1b0
Event: 21.157 Thread 0x0000000002b25800 DEOPT UNPACKING pc=0x0000000002c6747f sp=0x0000000002b1cf08 mode 0


Dynamic libraries:
0x00007ff6d9e60000 - 0x00007ff6d9e97000 	C:\Program Files\Java\jre1.8.0_101\bin\javaw.exe
0x00007ffb160b0000 - 0x00007ffb16281000 	C:\WINDOWS\SYSTEM32\ntdll.dll
0x00007ffb14240000 - 0x00007ffb142eb000 	C:\WINDOWS\System32\KERNEL32.DLL
0x00007ffb13290000 - 0x00007ffb134ad000 	C:\WINDOWS\System32\KERNELBASE.dll
0x00007ffb14170000 - 0x00007ffb14212000 	C:\WINDOWS\System32\ADVAPI32.dll
0x00007ffb14300000 - 0x00007ffb1439e000 	C:\WINDOWS\System32\msvcrt.dll
0x00007ffb14540000 - 0x00007ffb14599000 	C:\WINDOWS\System32\sechost.dll
0x00007ffb14760000 - 0x00007ffb14881000 	C:\WINDOWS\System32\RPCRT4.dll
0x00007ffb15f40000 - 0x00007ffb160a5000 	C:\WINDOWS\System32\USER32.dll
0x00007ffb13120000 - 0x00007ffb1313e000 	C:\WINDOWS\System32\win32u.dll
0x00007ffb14720000 - 0x00007ffb14754000 	C:\WINDOWS\System32\GDI32.dll
0x00007ffb134b0000 - 0x00007ffb13632000 	C:\WINDOWS\System32\gdi32full.dll
0x00007ffb03e10000 - 0x00007ffb04089000 	C:\WINDOWS\WinSxS\amd64_microsoft.windows.common-controls_6595b64144ccf1df_6.0.14393.0_none_2d0f50fcbdb171b8\COMCTL32.dll
0x00007ffb137a0000 - 0x00007ffb13a67000 	C:\WINDOWS\System32\combase.dll
0x00007ffb12eb0000 - 0x00007ffb12fa5000 	C:\WINDOWS\System32\ucrtbase.dll
0x00007ffb13060000 - 0x00007ffb130ca000 	C:\WINDOWS\System32\bcryptPrimitives.dll
0x00007ffb14510000 - 0x00007ffb1453e000 	C:\WINDOWS\System32\IMM32.DLL
0x0000000065b30000 - 0x0000000065c02000 	C:\Program Files\Java\jre1.8.0_101\bin\msvcr100.dll
0x0000000065e50000 - 0x00000000666ea000 	C:\Program Files\Java\jre1.8.0_101\bin\server\jvm.dll
0x00007ffb14500000 - 0x00007ffb14508000 	C:\WINDOWS\System32\PSAPI.DLL
0x00007ffb038e0000 - 0x00007ffb038e9000 	C:\WINDOWS\SYSTEM32\WSOCK32.dll
0x00007ffb14100000 - 0x00007ffb1416a000 	C:\WINDOWS\System32\WS2_32.dll
0x00007ffb10680000 - 0x00007ffb106a3000 	C:\WINDOWS\SYSTEM32\WINMM.dll
0x00007ffb0e480000 - 0x00007ffb0e48a000 	C:\WINDOWS\SYSTEM32\VERSION.dll
0x00007ffb10620000 - 0x00007ffb1064b000 	C:\WINDOWS\SYSTEM32\WINMMBASE.dll
0x00007ffb130d0000 - 0x00007ffb13112000 	C:\WINDOWS\System32\cfgmgr32.dll
0x0000000065d60000 - 0x0000000065d6f000 	C:\Program Files\Java\jre1.8.0_101\bin\verify.dll
0x0000000065d30000 - 0x0000000065d59000 	C:\Program Files\Java\jre1.8.0_101\bin\java.dll
0x0000000065d10000 - 0x0000000065d26000 	C:\Program Files\Java\jre1.8.0_101\bin\zip.dll
0x00007ffb14a30000 - 0x00007ffb15f38000 	C:\WINDOWS\System32\SHELL32.dll
0x00007ffb125a0000 - 0x00007ffb12c7a000 	C:\WINDOWS\System32\windows.storage.dll
0x00007ffb12550000 - 0x00007ffb1259c000 	C:\WINDOWS\System32\powrprof.dll
0x00007ffb13640000 - 0x00007ffb13692000 	C:\WINDOWS\System32\shlwapi.dll
0x00007ffb12510000 - 0x00007ffb1251f000 	C:\WINDOWS\System32\kernel.appcore.dll
0x00007ffb12fb0000 - 0x00007ffb13059000 	C:\WINDOWS\System32\shcore.dll
0x00007ffb12520000 - 0x00007ffb12534000 	C:\WINDOWS\System32\profapi.dll
0x0000000065b20000 - 0x0000000065b2d000 	C:\Program Files\Java\jre1.8.0_101\bin\management.dll
0x0000000065cf0000 - 0x0000000065d0a000 	C:\Program Files\Java\jre1.8.0_101\bin\net.dll
0x00007ffb11b80000 - 0x00007ffb11bdc000 	C:\WINDOWS\system32\mswsock.dll
0x0000000065cd0000 - 0x0000000065ce1000 	C:\Program Files\Java\jre1.8.0_101\bin\nio.dll
0x00007ffb11fe0000 - 0x00007ffb11ff7000 	C:\WINDOWS\SYSTEM32\CRYPTSP.dll
0x00007ffb11dc0000 - 0x00007ffb11df3000 	C:\WINDOWS\system32\rsaenh.dll
0x00007ffb120f0000 - 0x00007ffb1211b000 	C:\WINDOWS\SYSTEM32\bcrypt.dll
0x00007ffb11ec0000 - 0x00007ffb11edf000 	C:\WINDOWS\SYSTEM32\USERENV.dll
0x00007ffb12000000 - 0x00007ffb1200b000 	C:\WINDOWS\SYSTEM32\CRYPTBASE.dll
0x00007ffb11930000 - 0x00007ffb11968000 	C:\WINDOWS\SYSTEM32\IPHLPAPI.DLL
0x00007ffb142f0000 - 0x00007ffb142f8000 	C:\WINDOWS\System32\NSI.dll
0x00007ffb0c770000 - 0x00007ffb0c786000 	C:\WINDOWS\SYSTEM32\dhcpcsvc6.DLL
0x00007ffb0c820000 - 0x00007ffb0c83a000 	C:\WINDOWS\SYSTEM32\dhcpcsvc.DLL
0x00007ffb0cd60000 - 0x00007ffb0cd6a000 	C:\Users\Mohammad\AppData\Local\Temp\jansi-64-8568378158193560626.dll
0x00007ffb061a0000 - 0x00007ffb061b6000 	C:\WINDOWS\system32\napinsp.dll
0x00007ffb07450000 - 0x00007ffb0746a000 	C:\WINDOWS\system32\pnrpnsp.dll
0x00007ffb0fa40000 - 0x00007ffb0fa58000 	C:\WINDOWS\system32\NLAapi.dll
0x00007ffb11970000 - 0x00007ffb11a10000 	C:\WINDOWS\SYSTEM32\DNSAPI.dll
0x00007ffb07470000 - 0x00007ffb0747e000 	C:\WINDOWS\System32\winrnr.dll
0x00007ffb0b410000 - 0x00007ffb0b41a000 	C:\Windows\System32\rasadhlp.dll
0x00007ffb0c0e0000 - 0x00007ffb0c14a000 	C:\WINDOWS\System32\fwpuclnt.dll
0x0000000065ca0000 - 0x0000000065cc4000 	C:\Program Files\Java\jre1.8.0_101\bin\sunec.dll
0x0000000065c10000 - 0x0000000065c1b000 	C:\Program Files\Java\jre1.8.0_101\bin\sunmscapi.dll
0x00007ffb12ce0000 - 0x00007ffb12ea8000 	C:\WINDOWS\System32\CRYPT32.dll
0x00007ffb12540000 - 0x00007ffb12550000 	C:\WINDOWS\System32\MSASN1.dll
0x0000000180000000 - 0x0000000180053000 	C:\Users\Mohammad\.gradle\caches\minecraft\net\minecraft\natives\1.10.2\lwjgl64.dll
0x00007ffb08400000 - 0x00007ffb08523000 	C:\WINDOWS\SYSTEM32\OPENGL32.dll
0x00007ffb0bf20000 - 0x00007ffb0bf4d000 	C:\WINDOWS\SYSTEM32\GLU32.dll
0x00007ffae16e0000 - 0x00007ffae17d7000 	C:\WINDOWS\SYSTEM32\DDRAW.dll
0x00007ffaf4170000 - 0x00007ffaf4178000 	C:\WINDOWS\SYSTEM32\DCIMAN32.dll
0x0000000065980000 - 0x0000000065b18000 	C:\Program Files\Java\jre1.8.0_101\bin\awt.dll
0x00007ffb14040000 - 0x00007ffb140ff000 	C:\WINDOWS\System32\OLEAUT32.dll
0x00007ffb13140000 - 0x00007ffb131dc000 	C:\WINDOWS\System32\msvcp_win.dll
0x00007ffb10ac0000 - 0x00007ffb10b3a000 	C:\WINDOWS\SYSTEM32\apphelp.dll
0x00007ffb10ca0000 - 0x00007ffb10d35000 	C:\WINDOWS\system32\uxtheme.dll
0x00007ffb143a0000 - 0x00007ffb144fb000 	C:\WINDOWS\System32\MSCTF.dll
0x00007ffb10370000 - 0x00007ffb10396000 	C:\WINDOWS\system32\dwmapi.dll
0x00007ffb0bec0000 - 0x00007ffb0bedf000 	C:\WINDOWS\SYSTEM32\atig6pxx.dll
0x00000000639a0000 - 0x0000000065973000 	C:\WINDOWS\SYSTEM32\atio6axx.dll
0x00007ffb13bb0000 - 0x00007ffb13fd9000 	C:\WINDOWS\System32\SETUPAPI.dll
0x00007ffaf7700000 - 0x00007ffaf784e000 	C:\WINDOWS\SYSTEM32\atiadlxx.dll
0x00007ffb13a70000 - 0x00007ffb13ba7000 	C:\WINDOWS\System32\ole32.dll
0x00007ffb10190000 - 0x00007ffb10315000 	C:\WINDOWS\SYSTEM32\PROPSYS.dll
0x00007ffb10320000 - 0x00007ffb10333000 	C:\WINDOWS\SYSTEM32\WTSAPI32.dll
0x00007ffb111e0000 - 0x00007ffb11208000 	C:\WINDOWS\SYSTEM32\DEVOBJ.dll
0x00007ffb12c80000 - 0x00007ffb12cd5000 	C:\WINDOWS\System32\WINTRUST.dll
0x00007ffb05590000 - 0x00007ffb055c3000 	C:\WINDOWS\SYSTEM32\atig6txx.dll
0x00007ffae9d40000 - 0x00007ffae9dd1000 	C:\WINDOWS\SYSTEM32\mscms.dll
0x00007ffb05480000 - 0x00007ffb054c2000 	C:\WINDOWS\SYSTEM32\icm32.dll
0x00000000029c0000 - 0x00000000029f8000 	C:\Users\Mohammad\AppData\Local\Temp\jna\jna5669807820475090898.dll
0x000000001c5f0000 - 0x000000001c654000 	C:\Users\Mohammad\.gradle\caches\minecraft\net\minecraft\natives\1.10.2\OpenAL64.dll
0x00007ffb14680000 - 0x00007ffb1471f000 	C:\WINDOWS\System32\clbcatq.dll
0x00007ffb0d320000 - 0x00007ffb0d391000 	C:\WINDOWS\System32\MMDevApi.dll
0x00007ffaf9950000 - 0x00007ffaf99eb000 	C:\WINDOWS\SYSTEM32\dsound.dll
0x00007ffb07e30000 - 0x00007ffb07ec4000 	C:\WINDOWS\SYSTEM32\AUDIOSES.DLL
0x00007ffb0f250000 - 0x00007ffb0f386000 	C:\WINDOWS\SYSTEM32\wintypes.dll
0x00007ffb070f0000 - 0x00007ffb07282000 	C:\WINDOWS\SYSTEM32\dbghelp.dll

VM Arguments:
jvm_args: -Xincgc -Xmx1024M -Xms1024M -Dfile.encoding=Cp1252 
java_command: GradleStart --username techperson71@gmail.com --password Mohammad71
java_class_path (initial): C:\Users\Mohammad\Documents\Mod Workspace\JATMA\bin;C:\Users\Mohammad\.gradle\caches\minecraft\net\minecraftforge\forge\1.10.2-12.18.1.2076\snapshot\20160518\forgeSrc-1.10.2-12.18.1.2076.jar;C:\Users\Mohammad\.gradle\caches\modules-2\files-2.1\com.google.code.findbugs\jsr305\3.0.1\f7be08ec23c21485b9b5a1cf1654c2ec8c58168d\jsr305-3.0.1.jar;C:\Users\Mohammad\.gradle\caches\modules-2\files-2.1\com.mojang\netty\1.6\4b75825a06139752bd800d9e29c5fd55b8b1b1e4\netty-1.6.jar;C:\Users\Mohammad\.gradle\caches\modules-2\files-2.1\oshi-project\oshi-core\1.1\9ddf7b048a8d701be231c0f4f95fd986198fd2d8\oshi-core-1.1.jar;C:\Users\Mohammad\.gradle\caches\modules-2\files-2.1\net.java.dev.jna\jna\3.4.0\803ff252fedbd395baffd43b37341dc4a150a554\jna-3.4.0.jar;C:\Users\Mohammad\.gradle\caches\modules-2\files-2.1\net.java.dev.jna\platform\3.4.0\e3f70017be8100d3d6923f50b3d2ee17714e9c13\platform-3.4.0.jar;C:\Users\Mohammad\.gradle\caches\modules-2\files-2.1\com.ibm.icu\icu4j-core-mojang\51.2\63d216a9311cca6be337c1e458e587f99d382b84\icu4j-core-mojang-51.2.jar;C:\Users\Mohammad\.gradle\caches\modules-2\files-2.1\net.sf.jopt-simple\jopt-simple\4.6\306816fb57cf94f108a43c95731b08934dcae15c\jopt-simple-4.6.jar;C:\Users\Mohammad\.gradle\caches\modules-2\files-2.1\io.netty\netty-all\4.0.23.Final\294104aaf1781d6a56a07d561e792c5d0c95f45\netty-all-4.0.23.Final.jar;C:\Users\Mohammad\.gradle\caches\modules-2\files-2.1\com.google.guava\guava\17.0\9c6ef172e8de35fd8d4d8783e4821e57cdef7445\guava-17.0.jar;C:\Users\Mohammad\.gradle\caches\modules-2\files-2.1\org.apache.commons\commons-lang3\3.3.2\90a3822c38ec8c996e84c16a3477ef632cbc87a3\commons-lang3-3.3.2.jar;C:\Users\Mohammad\.gradle\caches\modules-2\files-2.1\commons-io\commons-io\2.4\b1b6ea3b7e4aa4f492509a4952029cd8e48019ad\commons-io-2.4.jar;C:\Users\Mohammad\.gradle\caches\modules-2\files-2.1\commons-codec\commons-codec\1.9\9ce04e34240f674bc72680f8b843b1457383161a\commons-codec-1.9.jar;C:\Users\Mohammad\.gradle\caches\modules-2\fi
Launcher Type: SUN_STANDARD

Environment Variables:
PATH=C:/Program Files/Java/jre1.8.0_101/bin/server;C:/Program Files/Java/jre1.8.0_101/bin;C:/Program Files/Java/jre1.8.0_101/lib/amd64;C:\Program Files (x86)\NVIDIA Corporation\PhysX\Common;C:\ProgramData\Oracle\Java\javapath;C:\WINDOWS\system32;C:\WINDOWS;C:\WINDOWS\System32\Wbem;C:\WINDOWS\System32\WindowsPowerShell\v1.0\;C:\Program Files (x86)\Skype\Phone\;C:\Program Files (x86)\GtkSharp\2.12\bin;C:\Users\Mohammad\AppData\Local\Microsoft\WindowsApps;;C:\Users\Mohammad\Desktop;
USERNAME=Mohammad
OS=Windows_NT
PROCESSOR_IDENTIFIER=Intel64 Family 6 Model 94 Stepping 3, GenuineIntel



---------------  S Y S T E M  ---------------

OS: Windows 10.0 , 64 bit Build 14393 (10.0.14393.0)

CPU:total 2 (2 cores per cpu, 1 threads per core) family 6 model 94 stepping 3, cmov, cx8, fxsr, mmx, sse, sse2, sse3, ssse3, sse4.1, sse4.2, popcnt, aes, clmul, erms, 3dnowpref, lzcnt, tsc, tscinvbit

Memory: 4k page, physical 8313132k(3749016k free), swap 10541356k(4408728k free)

vm_info: Java HotSpot(TM) 64-Bit Server VM (25.101-b13) for windows-amd64 JRE (1.8.0_101-b13), built on Jun 22 2016 01:21:29 by "java_re" with MS VC++ 10.0 (VS2010)

time: Mon Sep 26 17:01:14 2016
elapsed time: 21 seconds (0d 0h 0m 21s)

